2026-03-04 21:16:17,462  INFO     Selected districts: ['jhapa']  (41 candidates)
2026-03-04 21:16:17,462  INFO     Parallelism : 10 candidates at a time
2026-03-04 21:16:17,462  INFO     Output dir  : /home/nabaraj/projects/facebook-engagement-prediction/election_data
2026-03-04 21:16:17,462  INFO     Log file    : /home/nabaraj/projects/facebook-engagement-prediction/logs/scrape_20260304_211543.log
2026-03-04 21:16:17,462  INFO     Resume      : 0 candidates already in output
2026-03-04 21:16:17,768  INFO     ----------------------------------------------------------
2026-03-04 21:16:17,768  INFO     CONST [1/2] jhapa_3  (17 candidates, 2 batches)
2026-03-04 21:16:17,768  INFO       Batch 1/2
2026-03-04 21:16:19,538  INFO     FETCH [jhapa_3] Dilliram Ghimire
2026-03-04 21:16:19,608  INFO     FETCH [jhapa_3] Karna Lal Rajbanshi
2026-03-04 21:16:19,681  INFO     FETCH [jhapa_3] Jayen Magar
2026-03-04 21:16:19,957  INFO     FETCH [jhapa_3] Yam Kumar Shrestha
2026-03-04 21:16:20,013  INFO     FETCH [jhapa_3] Dharm Lakshmi Duwal (Laghu)
2026-03-04 21:16:20,143  INFO     FETCH [jhapa_3] Abhay Rajbanshi
2026-03-04 21:16:21,157  INFO     FETCH [jhapa_3] Chandrakala Sawa
2026-03-04 21:16:21,178  INFO     FETCH [jhapa_3] Manprakash Sangraula
2026-03-04 21:16:21,182  INFO     FETCH [jhapa_3] Prakash Pathak
2026-03-04 21:16:21,292  INFO     FETCH [jhapa_3] Deepak Timsina
2026-03-04 21:16:42,021  WARNING  NONE  [jhapa_3] Karna Lal Rajbanshi - no tweets found
2026-03-04 21:16:43,236  WARNING  NONE  [jhapa_3] Dharm Lakshmi Duwal (Laghu) - no tweets found
2026-03-04 21:16:43,941  WARNING  NONE  [jhapa_3] Deepak Timsina - no tweets found
2026-03-04 21:16:44,274  WARNING  NONE  [jhapa_3] Jayen Magar - no tweets found
2026-03-04 21:16:44,296  WARNING  NONE  [jhapa_3] Dilliram Ghimire - no tweets found
2026-03-04 21:16:44,673  WARNING  NONE  [jhapa_3] Yam Kumar Shrestha - no tweets found
2026-03-04 21:16:44,808  WARNING  NONE  [jhapa_3] Abhay Rajbanshi - no tweets found
2026-03-04 21:16:45,371  WARNING  NONE  [jhapa_3] Chandrakala Sawa - no tweets found
2026-03-04 21:16:45,819  WARNING  NONE  [jhapa_3] Manprakash Sangraula - no tweets found
2026-03-04 21:16:49,888  INFO     SAVE  [jhapa_3] Prakash Pathak -> 1 tweets
2026-03-04 21:16:54,179  INFO       Inter-batch cooldown 10s
2026-03-04 21:17:04,393  INFO       Batch 2/2
2026-03-04 21:17:05,033  INFO     FETCH [jhapa_3] Vinita Kumari Rajbanshi
2026-03-04 21:17:05,285  INFO     FETCH [jhapa_3] Hari Bahadur Rajbanshi
2026-03-04 21:17:06,365  INFO     FETCH [jhapa_3] Harishlal Rajbanshi
2026-03-04 21:17:06,562  INFO     FETCH [jhapa_3] Rajendra Prasad Lingden
2026-03-04 21:17:06,950  INFO     FETCH [jhapa_3] Rajendra Kumar Ghimire
2026-03-04 21:17:07,063  INFO     FETCH [jhapa_3] Shyamkrishna Pathak
2026-03-04 21:17:07,066  INFO     FETCH [jhapa_3] Santosh Katuwal
