2026-03-04 22:56:55,452  INFO     Selected ALL 14 districts
2026-03-04 22:56:55,452  INFO     Parallelism : 5 candidates at a time
2026-03-04 22:56:55,452  INFO     Output dir  : /home/nabaraj/projects/facebook-engagement-prediction/election_data
2026-03-04 22:56:55,452  INFO     Log file    : /home/nabaraj/projects/facebook-engagement-prediction/logs/scrape_20260304_225649.log
2026-03-04 22:56:55,452  INFO     Resume      : 0 candidates already in output
2026-03-04 22:56:55,737  INFO     ----------------------------------------------------------
2026-03-04 22:56:55,738  INFO     CONST [1/19] bhaktapur_1  (25 candidates, 5 batches)
2026-03-04 22:56:55,738  INFO       Batch 1/5
2026-03-04 22:56:57,044  INFO     FETCH [bhaktapur_1] Hari Ram Lawaju
2026-03-04 22:56:57,186  INFO     FETCH [bhaktapur_1] Som Prasad Mishra
2026-03-04 22:56:57,882  INFO     FETCH [bhaktapur_1] Kiran Neupane
2026-03-04 22:56:58,556  INFO     FETCH [bhaktapur_1] Rukesh Ranjit
2026-03-04 22:56:58,906  INFO     FETCH [bhaktapur_1] Bharat Bahadur Khadka
2026-03-04 22:57:20,079  WARNING  NONE  [bhaktapur_1] Som Prasad Mishra - no tweets found
2026-03-04 22:57:20,452  WARNING  NONE  [bhaktapur_1] Kiran Neupane - no tweets found
2026-03-04 22:57:20,797  WARNING  NONE  [bhaktapur_1] Hari Ram Lawaju - no tweets found
2026-03-04 22:57:22,062  WARNING  NONE  [bhaktapur_1] Bharat Bahadur Khadka - no tweets found
2026-03-04 22:57:25,077  INFO     SAVE  [bhaktapur_1] Rukesh Ranjit -> 2 tweets
2026-03-04 22:57:29,527  INFO       Inter-batch cooldown 12s
2026-03-04 22:57:41,194  INFO       Batch 2/5
2026-03-04 22:57:41,849  INFO     FETCH [bhaktapur_1] Rabi Khaiju
2026-03-04 22:57:42,022  INFO     FETCH [bhaktapur_1] Damodar Kaphle
2026-03-04 22:57:42,984  INFO     FETCH [bhaktapur_1] Prem Suwal
2026-03-04 22:57:43,346  INFO     FETCH [bhaktapur_1] Shyam Sundar Shilpakar
2026-03-04 22:57:43,966  INFO     FETCH [bhaktapur_1] Ishwori Prasad Paiyani
2026-03-04 22:58:04,096  WARNING  NONE  [bhaktapur_1] Damodar Kaphle - no tweets found
2026-03-04 22:58:06,074  WARNING  NONE  [bhaktapur_1] Rabi Khaiju - no tweets found
2026-03-04 22:58:07,717  WARNING  NONE  [bhaktapur_1] Ishwori Prasad Paiyani - no tweets found
2026-03-04 22:58:09,169  WARNING  NONE  [bhaktapur_1] Shyam Sundar Shilpakar - no tweets found
2026-03-04 22:58:09,426  INFO     SAVE  [bhaktapur_1] Prem Suwal -> 7 tweets
2026-03-04 22:58:12,890  INFO       Inter-batch cooldown 9s
2026-03-04 22:58:21,514  INFO       Batch 3/5
2026-03-04 22:58:22,736  INFO     FETCH [bhaktapur_1] Deepak Kumar Pokharel
2026-03-04 22:58:23,170  INFO     FETCH [bhaktapur_1] Ramesh Balla
2026-03-04 22:58:24,675  INFO     FETCH [bhaktapur_1] Chandra Man Koju
2026-03-04 22:58:24,731  INFO     FETCH [bhaktapur_1] Bishnu Hari Nhisutu
2026-03-04 22:58:24,759  INFO     FETCH [bhaktapur_1] Savitri Neupane
2026-03-04 22:58:44,904  WARNING  NONE  [bhaktapur_1] Deepak Kumar Pokharel - no tweets found
2026-03-04 22:58:47,355  WARNING  NONE  [bhaktapur_1] Savitri Neupane - no tweets found
2026-03-04 22:58:47,534  WARNING  NONE  [bhaktapur_1] Ramesh Balla - no tweets found
2026-03-04 22:58:47,611  WARNING  NONE  [bhaktapur_1] Chandra Man Koju - no tweets found
2026-03-04 22:58:49,217  INFO     SAVE  [bhaktapur_1] Bishnu Hari Nhisutu -> 1 tweets
2026-03-04 22:58:53,003  INFO       Inter-batch cooldown 9s
2026-03-04 22:59:02,235  INFO       Batch 4/5
2026-03-04 22:59:03,254  INFO     FETCH [bhaktapur_1] Bal Krishna Khaitu
2026-03-04 22:59:04,377  INFO     FETCH [bhaktapur_1] Punya Ram Suwal
2026-03-04 22:59:04,832  INFO     FETCH [bhaktapur_1] Raju Shrestha
2026-03-04 22:59:05,461  INFO     FETCH [bhaktapur_1] Dashrath Thapa
2026-03-04 22:59:05,492  INFO     FETCH [bhaktapur_1] Devendra Thakur
2026-03-04 22:59:25,633  WARNING  NONE  [bhaktapur_1] Bal Krishna Khaitu - no tweets found
2026-03-04 22:59:27,593  WARNING  NONE  [bhaktapur_1] Raju Shrestha - no tweets found
2026-03-04 22:59:28,309  WARNING  NONE  [bhaktapur_1] Dashrath Thapa - no tweets found
2026-03-04 22:59:28,857  WARNING  NONE  [bhaktapur_1] Punya Ram Suwal - no tweets found
2026-03-04 22:59:30,058  WARNING  NONE  [bhaktapur_1] Devendra Thakur - no tweets found
2026-03-04 22:59:34,282  INFO       Inter-batch cooldown 16s
2026-03-04 22:59:49,812  INFO       Batch 5/5
2026-03-04 22:59:50,638  INFO     FETCH [bhaktapur_1] Sudip Neupane
2026-03-04 22:59:50,662  INFO     FETCH [bhaktapur_1] Sujita Budhathoki
2026-03-04 22:59:51,486  INFO     FETCH [bhaktapur_1] Suresh Koju
2026-03-04 22:59:52,173  INFO     FETCH [bhaktapur_1] Bishnu Ram Dumaru
2026-03-04 22:59:52,683  INFO     FETCH [bhaktapur_1] Rajeshwori Prajapati
2026-03-04 23:00:11,904  WARNING  NONE  [bhaktapur_1] Sudip Neupane - no tweets found
2026-03-04 23:00:13,627  WARNING  NONE  [bhaktapur_1] Sujita Budhathoki - no tweets found
2026-03-04 23:00:13,962  WARNING  NONE  [bhaktapur_1] Rajeshwori Prajapati - no tweets found
2026-03-04 23:00:15,281  WARNING  NONE  [bhaktapur_1] Bishnu Ram Dumaru - no tweets found
2026-03-04 23:00:16,488  WARNING  NONE  [bhaktapur_1] Suresh Koju - no tweets found
2026-03-04 23:00:19,743  INFO       Inter-constituency cooldown 14s
2026-03-04 23:00:34,169  INFO     ----------------------------------------------------------
2026-03-04 23:00:34,169  INFO     CONST [2/19] bhaktapur_2  (32 candidates, 7 batches)
2026-03-04 23:00:34,169  INFO       Batch 1/7
2026-03-04 23:00:36,323  INFO     FETCH [bhaktapur_2] Kabir Rana
2026-03-04 23:00:37,106  INFO     FETCH [bhaktapur_2] Rajiv Khatri
2026-03-04 23:00:37,216  INFO     FETCH [bhaktapur_2] Mahesh Basnet
2026-03-04 23:00:37,263  INFO     FETCH [bhaktapur_2] Bikram Thapa
2026-03-04 23:00:37,447  INFO     FETCH [bhaktapur_2] Ram Prasad Sapkota
2026-03-04 23:00:59,329  WARNING  NONE  [bhaktapur_2] Ram Prasad Sapkota - no tweets found
2026-03-04 23:01:00,436  INFO     SAVE  [bhaktapur_2] Kabir Rana -> 6 tweets
2026-03-04 23:01:02,803  INFO     SAVE  [bhaktapur_2] Rajiv Khatri -> 7 tweets
2026-03-04 23:01:16,207  INFO     SAVE  [bhaktapur_2] Bikram Thapa -> 9 tweets
2026-03-04 23:01:30,705  INFO     SAVE  [bhaktapur_2] Mahesh Basnet -> 25 tweets
2026-03-04 23:01:33,742  INFO       Inter-batch cooldown 12s
2026-03-04 23:01:45,548  INFO       Batch 2/7
2026-03-04 23:01:46,824  INFO     FETCH [bhaktapur_2] Janmadev Jaisi
2026-03-04 23:01:47,174  INFO     FETCH [bhaktapur_2] Nabin Shrestha
2026-03-04 23:01:47,206  INFO     FETCH [bhaktapur_2] Lok Krishna Dahal
2026-03-04 23:01:47,613  INFO     FETCH [bhaktapur_2] Ramesh Baidya
2026-03-04 23:01:48,711  INFO     FETCH [bhaktapur_2] Pemba Ghale
2026-03-04 23:02:09,767  WARNING  NONE  [bhaktapur_2] Lok Krishna Dahal - no tweets found
2026-03-04 23:02:11,787  WARNING  NONE  [bhaktapur_2] Nabin Shrestha - no tweets found
2026-03-04 23:02:12,532  WARNING  NONE  [bhaktapur_2] Pemba Ghale - no tweets found
2026-03-04 23:02:15,373  INFO     SAVE  [bhaktapur_2] Ramesh Baidya -> 1 tweets
2026-03-04 23:02:16,207  INFO     SAVE  [bhaktapur_2] Janmadev Jaisi -> 3 tweets
2026-03-04 23:02:19,473  INFO       Inter-batch cooldown 13s
2026-03-04 23:02:32,799  INFO       Batch 3/7
2026-03-04 23:02:34,044  INFO     FETCH [bhaktapur_2] Rakesh Shrestha
2026-03-04 23:02:34,060  INFO     FETCH [bhaktapur_2] Rajesh Bade
2026-03-04 23:02:34,099  INFO     FETCH [bhaktapur_2] Prakash Raj Dhungel
2026-03-04 23:02:34,853  INFO     FETCH [bhaktapur_2] Jit Ram Lama
2026-03-04 23:02:35,630  INFO     FETCH [bhaktapur_2] Arjun Basu
2026-03-04 23:02:41,833  WARNING  WALL  [bhaktapur_2] Arjun Basu - pausing 45s and retrying
2026-03-04 23:02:56,553  WARNING  NONE  [bhaktapur_2] Prakash Raj Dhungel - no tweets found
2026-03-04 23:02:56,571  WARNING  NONE  [bhaktapur_2] Jit Ram Lama - no tweets found
2026-03-04 23:02:57,257  WARNING  NONE  [bhaktapur_2] Rajesh Bade - no tweets found
2026-03-04 23:02:59,906  WARNING  NONE  [bhaktapur_2] Rakesh Shrestha - no tweets found
2026-03-04 23:03:53,635  WARNING  NONE  [bhaktapur_2] Arjun Basu - no tweets found
2026-03-04 23:03:58,153  INFO       Inter-batch cooldown 12s
2026-03-04 23:04:09,844  INFO       Batch 4/7
2026-03-04 23:04:10,436  INFO     FETCH [bhaktapur_2] Archana Bhattarai
2026-03-04 23:04:10,996  INFO     FETCH [bhaktapur_2] Ananda Karki
2026-03-04 23:04:11,754  INFO     FETCH [bhaktapur_2] Anita Bhattarai
2026-03-04 23:04:12,509  INFO     FETCH [bhaktapur_2] Januka Pathak
2026-03-04 23:04:13,023  INFO     FETCH [bhaktapur_2] Devkumari Sah
2026-03-04 23:04:22,467  WARNING  WALL  [bhaktapur_2] Ananda Karki - pausing 45s and retrying
2026-03-04 23:04:23,465  WARNING  WALL  [bhaktapur_2] Archana Bhattarai - pausing 45s and retrying
2026-03-04 23:04:25,026  WARNING  WALL  [bhaktapur_2] Anita Bhattarai - pausing 45s and retrying
2026-03-04 23:04:25,738  WARNING  WALL  [bhaktapur_2] Januka Pathak - pausing 45s and retrying
2026-03-04 23:04:26,895  WARNING  WALL  [bhaktapur_2] Devkumari Sah - pausing 45s and retrying
2026-03-04 23:05:31,553  WARNING  NONE  [bhaktapur_2] Archana Bhattarai - no tweets found
2026-03-04 23:05:31,576  WARNING  NONE  [bhaktapur_2] Ananda Karki - no tweets found
2026-03-04 23:05:33,880  WARNING  NONE  [bhaktapur_2] Devkumari Sah - no tweets found
2026-03-04 23:05:33,949  WARNING  NONE  [bhaktapur_2] Januka Pathak - no tweets found
2026-03-04 23:05:35,301  WARNING  NONE  [bhaktapur_2] Anita Bhattarai - no tweets found
2026-03-04 23:05:38,729  INFO       Inter-batch cooldown 13s
2026-03-04 23:05:51,331  INFO       Batch 5/7
2026-03-04 23:05:51,957  INFO     FETCH [bhaktapur_2] Om Krishna Kutu
2026-03-04 23:05:52,134  INFO     FETCH [bhaktapur_2] Nabin Kumar Mahat
2026-03-04 23:05:52,646  INFO     FETCH [bhaktapur_2] Manoj Lama
2026-03-04 23:05:52,852  INFO     FETCH [bhaktapur_2] Madhu Prakash Sahukhal
2026-03-04 23:05:53,385  INFO     FETCH [bhaktapur_2] Pradip Kumar Rupakheti
2026-03-04 23:06:12,393  WARNING  NONE  [bhaktapur_2] Om Krishna Kutu - no tweets found
2026-03-04 23:06:14,281  WARNING  NONE  [bhaktapur_2] Madhu Prakash Sahukhal - no tweets found
2026-03-04 23:06:14,952  WARNING  NONE  [bhaktapur_2] Nabin Kumar Mahat - no tweets found
2026-03-04 23:06:15,021  WARNING  NONE  [bhaktapur_2] Manoj Lama - no tweets found
2026-03-04 23:06:16,564  WARNING  NONE  [bhaktapur_2] Pradip Kumar Rupakheti - no tweets found
2026-03-04 23:06:19,683  INFO       Inter-batch cooldown 12s
2026-03-04 23:06:31,512  INFO       Batch 6/7
2026-03-04 23:06:32,593  INFO     FETCH [bhaktapur_2] Laxmi Bastola Poudel
2026-03-04 23:06:32,807  INFO     FETCH [bhaktapur_2] Shyam Krishna Dhukhwa
2026-03-04 23:06:33,352  INFO     FETCH [bhaktapur_2] Renu Shrestha
2026-03-04 23:06:33,990  INFO     FETCH [bhaktapur_2] Bal Krishna Thapa
2026-03-04 23:06:34,753  INFO     FETCH [bhaktapur_2] Sabin Mahat
2026-03-04 23:06:54,446  WARNING  NONE  [bhaktapur_2] Renu Shrestha - no tweets found
2026-03-04 23:06:55,832  WARNING  NONE  [bhaktapur_2] Laxmi Bastola Poudel - no tweets found
2026-03-04 23:06:56,329  WARNING  NONE  [bhaktapur_2] Shyam Krishna Dhukhwa - no tweets found
2026-03-04 23:06:57,771  WARNING  NONE  [bhaktapur_2] Bal Krishna Thapa - no tweets found
2026-03-04 23:06:58,020  WARNING  NONE  [bhaktapur_2] Sabin Mahat - no tweets found
2026-03-04 23:07:00,949  INFO       Inter-batch cooldown 16s
2026-03-04 23:07:16,654  INFO       Batch 7/7
2026-03-04 23:07:18,137  INFO     FETCH [bhaktapur_2] Sajan Dhakal
2026-03-04 23:07:19,074  INFO     FETCH [bhaktapur_2] Suwarna Thapa
2026-03-04 23:07:40,496  WARNING  NONE  [bhaktapur_2] Sajan Dhakal - no tweets found
2026-03-04 23:07:42,046  WARNING  NONE  [bhaktapur_2] Suwarna Thapa - no tweets found
2026-03-04 23:07:46,903  INFO       Inter-constituency cooldown 18s
2026-03-04 23:08:04,767  INFO     ----------------------------------------------------------
2026-03-04 23:08:04,767  INFO     CONST [3/19] chitwan_2  (23 candidates, 5 batches)
2026-03-04 23:08:04,767  INFO       Batch 1/5
2026-03-04 23:08:05,600  INFO     FETCH [chitwan_2] Krishna Prasad Chapagai
2026-03-04 23:08:05,948  INFO     FETCH [chitwan_2] Indra Bahadur Syangtan
2026-03-04 23:08:06,392  INFO     FETCH [chitwan_2] Risha Gole
2026-03-04 23:08:07,727  INFO     FETCH [chitwan_2] Kaman Singh Chaudhary
2026-03-04 23:08:07,804  INFO     FETCH [chitwan_2] Ashmin Ghimire
2026-03-04 23:08:29,229  WARNING  NONE  [chitwan_2] Indra Bahadur Syangtan - no tweets found
2026-03-04 23:08:29,643  WARNING  NONE  [chitwan_2] Krishna Prasad Chapagai - no tweets found
2026-03-04 23:08:30,046  WARNING  NONE  [chitwan_2] Kaman Singh Chaudhary - no tweets found
2026-03-04 23:08:30,553  WARNING  NONE  [chitwan_2] Ashmin Ghimire - no tweets found
2026-03-04 23:08:30,554  WARNING  NONE  [chitwan_2] Risha Gole - no tweets found
2026-03-04 23:08:34,934  INFO       Inter-batch cooldown 12s
2026-03-04 23:08:46,831  INFO       Batch 2/5
2026-03-04 23:08:47,532  INFO     FETCH [chitwan_2] Jagadishwar Adhikari
2026-03-04 23:08:47,568  INFO     FETCH [chitwan_2] Devi Kumari Magar
2026-03-04 23:08:48,604  INFO     FETCH [chitwan_2] Dirshana Kumari Shahi
2026-03-04 23:08:49,069  INFO     FETCH [chitwan_2] Devi Sharma
2026-03-04 23:08:49,731  INFO     FETCH [chitwan_2] Ni. Kumar Pakhrin
2026-03-04 23:09:09,572  WARNING  NONE  [chitwan_2] Devi Kumari Magar - no tweets found
2026-03-04 23:09:11,282  WARNING  NONE  [chitwan_2] Jagadishwar Adhikari - no tweets found
2026-03-04 23:09:12,112  WARNING  NONE  [chitwan_2] Dirshana Kumari Shahi - no tweets found
2026-03-04 23:09:12,230  WARNING  NONE  [chitwan_2] Devi Sharma - no tweets found
2026-03-04 23:09:12,856  WARNING  NONE  [chitwan_2] Ni. Kumar Pakhrin - no tweets found
2026-03-04 23:09:16,274  INFO       Inter-batch cooldown 9s
2026-03-04 23:09:24,945  INFO       Batch 3/5
2026-03-04 23:09:26,364  INFO     FETCH [chitwan_2] Nirmala Kumari Thakur
2026-03-04 23:09:26,580  INFO     FETCH [chitwan_2] Pravin Sapkota
2026-03-04 23:09:26,614  INFO     FETCH [chitwan_2] Prakash Bahadur Pandey
2026-03-04 23:09:27,090  INFO     FETCH [chitwan_2] Pratap Gurung
2026-03-04 23:09:27,203  INFO     FETCH [chitwan_2] Pratap Singh Tamang
2026-03-04 23:09:47,273  WARNING  NONE  [chitwan_2] Prakash Bahadur Pandey - no tweets found
2026-03-04 23:09:49,359  WARNING  NONE  [chitwan_2] Pravin Sapkota - no tweets found
2026-03-04 23:09:49,630  WARNING  NONE  [chitwan_2] Pratap Singh Tamang - no tweets found
2026-03-04 23:09:50,065  WARNING  NONE  [chitwan_2] Nirmala Kumari Thakur - no tweets found
2026-03-04 23:09:50,276  WARNING  NONE  [chitwan_2] Pratap Gurung - no tweets found
2026-03-04 23:09:53,183  INFO       Inter-batch cooldown 10s
2026-03-04 23:10:02,916  INFO       Batch 4/5
2026-03-04 23:10:03,625  INFO     FETCH [chitwan_2] Rabi Lamichhane
2026-03-04 23:10:03,711  INFO     FETCH [chitwan_2] Rabi Kumal
2026-03-04 23:10:04,540  INFO     FETCH [chitwan_2] Shanku Prasad Jaisi
2026-03-04 23:10:04,935  INFO     FETCH [chitwan_2] Mina Kumari Kharel
2026-03-04 23:10:05,935  INFO     FETCH [chitwan_2] Milan Thapa Magar
2026-03-04 23:10:24,868  WARNING  NONE  [chitwan_2] Rabi Kumal - no tweets found
2026-03-04 23:10:25,549  WARNING  NONE  [chitwan_2] Rabi Lamichhane - no tweets found
2026-03-04 23:10:27,223  WARNING  NONE  [chitwan_2] Shanku Prasad Jaisi - no tweets found
2026-03-04 23:10:28,448  WARNING  NONE  [chitwan_2] Milan Thapa Magar - no tweets found
2026-03-04 23:10:28,838  WARNING  NONE  [chitwan_2] Mina Kumari Kharel - no tweets found
2026-03-04 23:10:33,349  INFO       Inter-batch cooldown 15s
2026-03-04 23:10:48,202  INFO       Batch 5/5
